<?xml version="1.0" encoding="UTF-8"?>
<testng-results skipped="0" failed="0" ignored="0" total="1" passed="1">
  <reporter-output>
  </reporter-output>
  <suite name="Default suite" duration-ms="256" started-at="2022-05-04T01:22:12 IST" finished-at="2022-05-04T01:22:12 IST">
    <groups>
    </groups>
    <test name="Default test" duration-ms="256" started-at="2022-05-04T01:22:12 IST" finished-at="2022-05-04T01:22:12 IST">
      <class name="com.crm.browser.Practice">
        <test-method status="PASS" signature="practice()[pri:0, instance:com.crm.browser.Practice@4232c52b]" name="practice" duration-ms="46" started-at="2022-05-04T01:22:12 IST" finished-at="2022-05-04T01:22:12 IST">
          <reporter-output>
          </reporter-output>
        </test-method> <!-- practice -->
      </class> <!-- com.crm.browser.Practice -->
    </test> <!-- Default test -->
  </suite> <!-- Default suite -->
</testng-results>
